0:0:0:0:0:0:0:1 - - [05/Sep/2021:17:17:54 +0100] "GET /mul?a=0.0001&b=0.0000022 HTTP/1.1" 200 29 "-" "PostmanRuntime/7.26.8"
0:0:0:0:0:0:0:1 - - [05/Sep/2021:17:18:13 +0100] "GET /mul?a=0.0001&b=2 HTTP/1.1" 200 28 "-" "PostmanRuntime/7.26.8"
0:0:0:0:0:0:0:1 - - [05/Sep/2021:18:07:22 +0100] "GET /mul?a=0.0001&b=2 HTTP/1.1" 200 28 "-" "PostmanRuntime/7.26.8"
0:0:0:0:0:0:0:1 - - [05/Sep/2021:18:20:51 +0100] "GET /mul?a=0.0001&b=99 HTTP/1.1" 200 28 "-" "PostmanRuntime/7.26.8"
0:0:0:0:0:0:0:1 - - [05/Sep/2021:18:20:55 +0100] "GET /mul?a=0.0001&b=100 HTTP/1.1" 200 28 "-" "PostmanRuntime/7.26.8"
0:0:0:0:0:0:0:1 - - [05/Sep/2021:18:22:20 +0100] "GET /mul?a=0.0001&b=100000 HTTP/1.1" 200 29 "-" "PostmanRuntime/7.26.8"
0:0:0:0:0:0:0:1 - - [05/Sep/2021:18:22:44 +0100] "GET /mul?a=0.0001&b=100000 HTTP/1.1" 200 29 "-" "PostmanRuntime/7.26.8"
0:0:0:0:0:0:0:1 - - [05/Sep/2021:18:22:48 +0100] "GET /mul?a=0.0001&b=10000000 HTTP/1.1" 200 31 "-" "PostmanRuntime/7.26.8"
0:0:0:0:0:0:0:1 - - [05/Sep/2021:18:31:04 +0100] "GET /mul?a=0.0001&b=10000000 HTTP/1.1" 200 31 "-" "PostmanRuntime/7.26.8"
0:0:0:0:0:0:0:1 - - [05/Sep/2021:19:58:43 +0100] "GET /mul?a=0.1&b=1 HTTP/1.1" 200 24 "-" "PostmanRuntime/7.26.8"
127.0.0.1 - - [05/Sep/2021:20:05:25 +0100] "GET /mul?a=0.1&b=1 HTTP/1.1" 200 24 "-" "PostmanRuntime/7.26.8"
127.0.0.1 - - [05/Sep/2021:20:05:27 +0100] "GET /mul?a=0.1&b=1 HTTP/1.1" 200 24 "-" "PostmanRuntime/7.26.8"
127.0.0.1 - - [05/Sep/2021:20:05:33 +0100] "GET /sum?a=0.1&b=1 HTTP/1.1" 200 24 "-" "PostmanRuntime/7.26.8"
0:0:0:0:0:0:0:1 - - [05/Sep/2021:20:07:19 +0100] "GET /sum?a=0.1&b=1 HTTP/1.1" 200 24 "-" "PostmanRuntime/7.26.8"
0:0:0:0:0:0:0:1 - - [05/Sep/2021:20:07:20 +0100] "GET /sum?a=0.1&b=1 HTTP/1.1" 200 24 "-" "PostmanRuntime/7.26.8"
0:0:0:0:0:0:0:1 - - [05/Sep/2021:20:07:21 +0100] "GET /sum?a=0.1&b=1 HTTP/1.1" 200 24 "-" "PostmanRuntime/7.26.8"
0:0:0:0:0:0:0:1 - - [05/Sep/2021:21:03:01 +0100] "GET /sum?a=0.1&b=2 HTTP/1.1" 200 24 "-" "PostmanRuntime/7.26.8"
0:0:0:0:0:0:0:1 - - [05/Sep/2021:21:03:10 +0100] "GET /sum?a=-3&b=2 HTTP/1.1" 200 23 "-" "PostmanRuntime/7.26.8"
0:0:0:0:0:0:0:1 - - [05/Sep/2021:21:03:27 +0100] "GET /div?a=-3&b=2 HTTP/1.1" 200 25 "-" "PostmanRuntime/7.26.8"
0:0:0:0:0:0:0:1 - - [05/Sep/2021:21:03:36 +0100] "GET /mul?a=-3&b=2 HTTP/1.1" 200 23 "-" "PostmanRuntime/7.26.8"
0:0:0:0:0:0:0:1 - - [05/Sep/2021:21:03:42 +0100] "GET /sub?a=-3&b=2 HTTP/1.1" 200 23 "-" "PostmanRuntime/7.26.8"
0:0:0:0:0:0:0:1 - - [05/Sep/2021:21:05:25 +0100] "GET /sub?a=-3&b=2 HTTP/1.1" 200 23 "-" "PostmanRuntime/7.26.8"
0:0:0:0:0:0:0:1 - - [05/Sep/2021:21:05:32 +0100] "GET /sum?a=-3&b=2 HTTP/1.1" 200 23 "-" "PostmanRuntime/7.26.8"
0:0:0:0:0:0:0:1 - - [05/Sep/2021:21:05:40 +0100] "GET /mul?a=-3&b=2 HTTP/1.1" 200 23 "-" "PostmanRuntime/7.26.8"
0:0:0:0:0:0:0:1 - - [05/Sep/2021:21:05:44 +0100] "GET /div?a=-3&b=2 HTTP/1.1" 200 25 "-" "PostmanRuntime/7.26.8"
0:0:0:0:0:0:0:1 - - [05/Sep/2021:21:05:56 +0100] "GET /div?a=1&b=3 HTTP/1.1" 200 34 "-" "PostmanRuntime/7.26.8"
0:0:0:0:0:0:0:1 - - [05/Sep/2021:21:09:00 +0100] "GET /sum?a=1&b=-4 HTTP/1.1" 200 23 "-" "PostmanRuntime/7.26.8"
0:0:0:0:0:0:0:1 - - [05/Sep/2021:21:09:08 +0100] "GET /sub?a=1&b=-4 HTTP/1.1" 200 22 "-" "PostmanRuntime/7.26.8"
0:0:0:0:0:0:0:1 - - [05/Sep/2021:21:09:18 +0100] "GET /mul?a=1&b=-4 HTTP/1.1" 200 23 "-" "PostmanRuntime/7.26.8"
0:0:0:0:0:0:0:1 - - [05/Sep/2021:21:09:23 +0100] "GET /div?a=1&b=-4 HTTP/1.1" 200 27 "-" "PostmanRuntime/7.26.8"
